# JRE version: Java(TM) SE Runtime Environment (8.0_65-b17) (build 1.8.0_65-b17)
# Java VM: Java HotSpot(TM) 64-Bit Server VM (25.65-b01 mixed mode windows-amd64 compressed oops)
Heap:
 PSYoungGen      total 137728K, used 19431K [0x00000000d5c00000, 0x00000000def80000, 0x0000000100000000)
  eden space 130560K, 14% used [0x00000000d5c00000,0x00000000d6ef9e68,0x00000000ddb80000)
  from space 7168K, 0% used [0x00000000de880000,0x00000000de880000,0x00000000def80000)
  to   space 9728K, 0% used [0x00000000ddc80000,0x00000000ddc80000,0x00000000de600000)
 ParOldGen       total 94208K, used 17336K [0x0000000081400000, 0x0000000087000000, 0x00000000d5c00000)
  object space 94208K, 18% used [0x0000000081400000,0x00000000824ee120,0x0000000087000000)
 Metaspace       used 37262K, capacity 37616K, committed 38184K, reserved 1083392K
  class space    used 4420K, capacity 4529K, committed 4656K, reserved 1048576K
GC Heap History (10 events):
Event: 7.778 GC heap before
{Heap before GC invocations=8 (full 1):
 PSYoungGen      total 74240K, used 66560K [0x00000000d5c00000, 0x00000000dac00000, 0x0000000100000000)
  eden space 66560K, 100% used [0x00000000d5c00000,0x00000000d9d00000,0x00000000d9d00000)
  from space 7680K, 0% used [0x00000000da480000,0x00000000da480000,0x00000000dac00000)
  to   space 7680K, 0% used [0x00000000d9d00000,0x00000000d9d00000,0x00000000da480000)
 ParOldGen       total 56832K, used 7154K [0x0000000081400000, 0x0000000084b80000, 0x00000000d5c00000)
  object space 56832K, 12% used [0x0000000081400000,0x0000000081afc8b8,0x0000000084b80000)
 Metaspace       used 24927K, capacity 25190K, committed 25392K, reserved 1071104K
  class space    used 3036K, capacity 3088K, committed 3120K, reserved 1048576K
Event: 7.786 GC heap after
Heap after GC invocations=8 (full 1):
 PSYoungGen      total 74240K, used 4782K [0x00000000d5c00000, 0x00000000dcf80000, 0x0000000100000000)
  eden space 66560K, 0% used [0x00000000d5c00000,0x00000000d5c00000,0x00000000d9d00000)
  from space 7680K, 62% used [0x00000000d9d00000,0x00000000da1abbe0,0x00000000da480000)
  to   space 7680K, 0% used [0x00000000dc800000,0x00000000dc800000,0x00000000dcf80000)
 ParOldGen       total 56832K, used 7162K [0x0000000081400000, 0x0000000084b80000, 0x00000000d5c00000)
  object space 56832K, 12% used [0x0000000081400000,0x0000000081afe8b8,0x0000000084b80000)
 Metaspace       used 24927K, capacity 25190K, committed 25392K, reserved 1071104K
  class space    used 3036K, capacity 3088K, committed 3120K, reserved 1048576K
}
Event: 9.396 GC heap before
{Heap before GC invocations=9 (full 1):
 PSYoungGen      total 74240K, used 71342K [0x00000000d5c00000, 0x00000000dcf80000, 0x0000000100000000)
  eden space 66560K, 100% used [0x00000000d5c00000,0x00000000d9d00000,0x00000000d9d00000)
  from space 7680K, 62% used [0x00000000d9d00000,0x00000000da1abbe0,0x00000000da480000)
  to   space 7680K, 0% used [0x00000000dc800000,0x00000000dc800000,0x00000000dcf80000)
 ParOldGen       total 56832K, used 7162K [0x0000000081400000, 0x0000000084b80000, 0x00000000d5c00000)
  object space 56832K, 12% used [0x0000000081400000,0x0000000081afe8b8,0x0000000084b80000)
 Metaspace       used 28868K, capacity 29136K, committed 29488K, reserved 1075200K
  class space    used 3473K, capacity 3543K, committed 3632K, reserved 1048576K
Event: 9.412 GC heap after
Heap after GC invocations=9 (full 1):
 PSYoungGen      total 109568K, used 7654K [0x00000000d5c00000, 0x00000000dd080000, 0x0000000100000000)
  eden space 101888K, 0% used [0x00000000d5c00000,0x00000000d5c00000,0x00000000dbf80000)
  from space 7680K, 99% used [0x00000000dc800000,0x00000000dcf79a40,0x00000000dcf80000)
  to   space 8704K, 0% used [0x00000000dbf80000,0x00000000dbf80000,0x00000000dc800000)
 ParOldGen       total 56832K, used 7738K [0x0000000081400000, 0x0000000084b80000, 0x00000000d5c00000)
  object space 56832K, 13% used [0x0000000081400000,0x0000000081b8e978,0x0000000084b80000)
 Metaspace       used 28868K, capacity 29136K, committed 29488K, reserved 1075200K
  class space    used 3473K, capacity 3543K, committed 3632K, reserved 1048576K
}
Event: 11.607 GC heap before
{Heap before GC invocations=10 (full 1):
 PSYoungGen      total 109568K, used 109542K [0x00000000d5c00000, 0x00000000dd080000, 0x0000000100000000)
  eden space 101888K, 100% used [0x00000000d5c00000,0x00000000dbf80000,0x00000000dbf80000)
  from space 7680K, 99% used [0x00000000dc800000,0x00000000dcf79a40,0x00000000dcf80000)
  to   space 8704K, 0% used [0x00000000dbf80000,0x00000000dbf80000,0x00000000dc800000)
 ParOldGen       total 56832K, used 7738K [0x0000000081400000, 0x0000000084b80000, 0x00000000d5c00000)
  object space 56832K, 13% used [0x0000000081400000,0x0000000081b8e978,0x0000000084b80000)
 Metaspace       used 31957K, capacity 32280K, committed 32688K, reserved 1077248K
  class space    used 3856K, capacity 3949K, committed 4016K, reserved 1048576K
Event: 11.632 GC heap after
Heap after GC invocations=10 (full 1):
 PSYoungGen      total 110592K, used 8680K [0x00000000d5c00000, 0x00000000df200000, 0x0000000100000000)
  eden space 101888K, 0% used [0x00000000d5c00000,0x00000000d5c00000,0x00000000dbf80000)
  from space 8704K, 99% used [0x00000000dbf80000,0x00000000dc7fa230,0x00000000dc800000)
  to   space 9728K, 0% used [0x00000000de880000,0x00000000de880000,0x00000000df200000)
 ParOldGen       total 56832K, used 8272K [0x0000000081400000, 0x0000000084b80000, 0x00000000d5c00000)
  object space 56832K, 14% used [0x0000000081400000,0x0000000081c14028,0x0000000084b80000)
 Metaspace       used 31957K, capacity 32280K, committed 32688K, reserved 1077248K
  class space    used 3856K, capacity 3949K, committed 4016K, reserved 1048576K
}
Event: 19.283 GC heap before
{Heap before GC invocations=11 (full 1):
 PSYoungGen      total 110592K, used 35958K [0x00000000d5c00000, 0x00000000df200000, 0x0000000100000000)
  eden space 101888K, 26% used [0x00000000d5c00000,0x00000000d76a37e8,0x00000000dbf80000)
  from space 8704K, 99% used [0x00000000dbf80000,0x00000000dc7fa230,0x00000000dc800000)
  to   space 9728K, 0% used [0x00000000de880000,0x00000000de880000,0x00000000df200000)
 ParOldGen       total 56832K, used 8272K [0x0000000081400000, 0x0000000084b80000, 0x00000000d5c00000)
  object space 56832K, 14% used [0x0000000081400000,0x0000000081c14028,0x0000000084b80000)
 Metaspace       used 34858K, capacity 35166K, committed 35496K, reserved 1081344K
  class space    used 4184K, capacity 4270K, committed 4272K, reserved 1048576K
Event: 19.296 GC heap after
Heap after GC invocations=11 (full 1):
 PSYoungGen      total 137728K, used 6885K [0x00000000d5c00000, 0x00000000def80000, 0x0000000100000000)
  eden space 130560K, 0% used [0x00000000d5c00000,0x00000000d5c00000,0x00000000ddb80000)
  from space 7168K, 96% used [0x00000000de880000,0x00000000def39610,0x00000000def80000)
  to   space 9728K, 0% used [0x00000000ddc80000,0x00000000ddc80000,0x00000000de600000)
 ParOldGen       total 56832K, used 12909K [0x0000000081400000, 0x0000000084b80000, 0x00000000d5c00000)
  object space 56832K, 22% used [0x0000000081400000,0x000000008209b5c8,0x0000000084b80000)
 Metaspace       used 34858K, capacity 35166K, committed 35496K, reserved 1081344K
  class space    used 4184K, capacity 4270K, committed 4272K, reserved 1048576K
}
Event: 19.296 GC heap before
{Heap before GC invocations=12 (full 2):
 PSYoungGen      total 137728K, used 6885K [0x00000000d5c00000, 0x00000000def80000, 0x0000000100000000)
  eden space 130560K, 0% used [0x00000000d5c00000,0x00000000d5c00000,0x00000000ddb80000)
  from space 7168K, 96% used [0x00000000de880000,0x00000000def39610,0x00000000def80000)
  to   space 9728K, 0% used [0x00000000ddc80000,0x00000000ddc80000,0x00000000de600000)
 ParOldGen       total 56832K, used 12909K [0x0000000081400000, 0x0000000084b80000, 0x00000000d5c00000)
  object space 56832K, 22% used [0x0000000081400000,0x000000008209b5c8,0x0000000084b80000)
 Metaspace       used 34858K, capacity 35166K, committed 35496K, reserved 1081344K
  class space    used 4184K, capacity 4270K, committed 4272K, reserved 1048576K
Event: 19.455 GC heap after
Heap after GC invocations=12 (full 2):
 PSYoungGen      total 137728K, used 0K [0x00000000d5c00000, 0x00000000def80000, 0x0000000100000000)
  eden space 130560K, 0% used [0x00000000d5c00000,0x00000000d5c00000,0x00000000ddb80000)
  from space 7168K, 0% used [0x00000000de880000,0x00000000de880000,0x00000000def80000)
  to   space 9728K, 0% used [0x00000000ddc80000,0x00000000ddc80000,0x00000000de600000)
 ParOldGen       total 94208K, used 17336K [0x0000000081400000, 0x0000000087000000, 0x00000000d5c00000)
  object space 94208K, 18% used [0x0000000081400000,0x00000000824ee120,0x0000000087000000)
 Metaspace       used 34858K, capacity 35166K, committed 35496K, reserved 1081344K
  class space    used 4184K, capacity 4270K, committed 4272K, reserved 1048576K
}

